Name                    Stmts   Miss  Cover   Missing
-----------------------------------------------------
bool_deriv.py              46      1    98%   15
evaluator.py               34      0   100%
fictive_perem.py           20      0   100%
karnaugh.py               187      1    99%   306
main.py                    66      2    97%   92, 96
minimization.py           117      0   100%
normal_forms.py            61      0   100%
parser.py                  53      0   100%
polinom_zhegalkina.py      55      0   100%
post_classes.py            25      1    96%   18
truth_table.py             30      0   100%
-----------------------------------------------------
TOTAL                     694      5    99%
